#
# A fatal error has been detected by the Java Runtime Environment:
#
#  EXCEPTION_ACCESS_VIOLATION (0xc0000005) at pc=0x00007ffe8203fc6b, pid=14096, tid=2456
#
# JRE version: Java(TM) SE Runtime Environment (11.0.1+13) (build 11.0.1+13-LTS)
# Java VM: Java HotSpot(TM) 64-Bit Server VM (11.0.1+13-LTS, mixed mode, tiered, compressed oops, g1 gc, windows-amd64)
# Problematic frame:
# V  [jvm.dll+0x6bfc6b]
#
# No core dump will be written. Minidumps are not enabled by default on client versions of Windows
#
# If you would like to submit a bug report, please visit:
#   http://bugreport.java.com/bugreport/crash.jsp
#

---------------  S U M M A R Y ------------

Command Line: -agentlib:jdwp=transport=dt_socket,suspend=y,address=localhost:50199 -javaagent:C:\sts-4.6.2.RELEASE\configuration\org.eclipse.osgi\245\0\.cp\lib\javaagent-shaded.jar -Dfile.encoding=Cp1252 pvictor.executavel.Main

Host: Intel(R) Core(TM) i5-8265U CPU @ 1.60GHz, 8 cores, 7G,  Windows 10 , 64 bit Build 18362 (10.0.18362.900)
Time: Mon Jul 13 15:04:14 2020 Hora oficial do Brasil elapsed time: 362 seconds (0d 0h 6m 2s)

---------------  T H R E A D  ---------------

Current thread (0x00000211f75a2000):  GCTaskThread "GC Thread#0" [stack: 0x00000082ac800000,0x00000082ac900000] [id=2456]

Stack: [0x00000082ac800000,0x00000082ac900000],  sp=0x00000082ac8fda70,  free space=1014k
Native frames: (J=compiled Java code, j=interpreted, Vv=VM code, C=native code)
V  [jvm.dll+0x6bfc6b]
V  [jvm.dll+0x344753]
V  [jvm.dll+0x346699]
V  [jvm.dll+0x346f1e]
V  [jvm.dll+0x3443bc]
V  [jvm.dll+0x343662]
V  [jvm.dll+0x62b355]
V  [jvm.dll+0x62bc40]
V  [jvm.dll+0x5f0b89]
V  [jvm.dll+0x2e48d5]
V  [jvm.dll+0x2e4359]
V  [jvm.dll+0x73cdb7]
V  [jvm.dll+0x73d220]
V  [jvm.dll+0x32b8b5]
V  [jvm.dll+0x32b3b8]
V  [jvm.dll+0x2f7bd0]
V  [jvm.dll+0x7ab4e0]
V  [jvm.dll+0x63b2b2]
C  [ucrtbase.dll+0x20e82]
C  [KERNEL32.DLL+0x17bd4]
C  [ntdll.dll+0x6ce51]

JavaThread 0x00000211f758d000 (nid = 27252) was being processed
Java frames: (J=compiled Java code, j=interpreted, Vv=VM code)
j  pvictor.executavel.Main.main([Ljava/lang/String;)V+310
v  ~StubRoutines::call_stub

siginfo: EXCEPTION_ACCESS_VIOLATION (0xc0000005), reading address 0x000000000097009c


Register to memory mapping:

RIP=0x00007ffe8203fc6b jvm.dll
RAX=0x00000082ac8fdb00 points into unknown readable memory
RBX=0x00000082ac8fdad0 points into unknown readable memory
RCX=0x0 is NULL
RDX=0x0000000000970096 is an unknown value
RSP=0x00000082ac8fda70 points into unknown readable memory
RBP=0x00000082ac8fdfe0 points into unknown readable memory
RSI=0x0 is NULL
RDI=0x0000000000970096 is an unknown value
R8 =0x0 is NULL
R9 =0x0000021196930a88 is pointing into metadata
R10=0x00007ffe81980000 jvm.dll
R11=0x00000082ac8fdf30 points into unknown readable memory
R12=0x00000211f759a540 points into unknown readable memory
R13=0x00000000000000a0 is an unknown value
R14=0x00000211969313f3 is pointing into metadata
R15=0x0000000000000136 is an unknown value


Registers:
RAX=0x00000082ac8fdb00, RBX=0x00000082ac8fdad0, RCX=0x0000000000000000, RDX=0x0000000000970096
RSP=0x00000082ac8fda70, RBP=0x00000082ac8fdfe0, RSI=0x0000000000000000, RDI=0x0000000000970096
R8 =0x0000000000000000, R9 =0x0000021196930a88, R10=0x00007ffe81980000, R11=0x00000082ac8fdf30
R12=0x00000211f759a540, R13=0x00000000000000a0, R14=0x00000211969313f3, R15=0x0000000000000136
RIP=0x00007ffe8203fc6b, EFLAGS=0x0000000000010246

Top of Stack: (sp=0x00000082ac8fda70)
0x00000082ac8fda70:   00000082ac8fdad0 0000000000000000
0x00000082ac8fda80:   0000000000000000 0000000000000000
0x00000082ac8fda90:   0000000000000000 00007ffe81cc4753
0x00000082ac8fdaa0:   0000000000000000 00000082ac8fe150
0x00000082ac8fdab0:   0000000000000000 0000000000000000
0x00000082ac8fdac0:   0000000000000000 0000000000000000
0x00000082ac8fdad0:   00007ffe82215c08 0000000000970096
0x00000082ac8fdae0:   0000000000000000 000000000000000c
0x00000082ac8fdaf0:   00000082ac8fdb00 0000000000000000
0x00000082ac8fdb00:   0000000046000128 0000000000000000
0x00000082ac8fdb10:   4fffffff4fffffff 0000000000000000
0x00000082ac8fdb20:   0000000000000000 0000000000000000
0x00000082ac8fdb30:   0000000000000000 0000000000000000
0x00000082ac8fdb40:   0000000000000000 0000000000000000
0x00000082ac8fdb50:   0000000000000000 0000000000000000
0x00000082ac8fdb60:   0000000000000000 0000000000000000 

Instructions: (pc=0x00007ffe8203fc6b)
0x00007ffe8203fc4b:   cc cc cc cc cc 40 53 48 83 ec 20 c7 41 10 00 00
0x00007ffe8203fc5b:   00 00 48 8b d9 48 89 7c 24 38 48 8b 79 08 33 c9
0x00007ffe8203fc6b:   80 7f 06 28 74 26 44 8d 49 28 8d 51 35 48 8d 0d
0x00007ffe8203fc7b:   b1 45 22 00 4c 8d 05 9a 45 22 00 e8 85 28 ba ff 



---------------  P R O C E S S  ---------------

Threads class SMR info:
_java_thread_list=0x0000021196c1f390, length=17, elements={
0x00000211f758d000, 0x0000021196138800, 0x0000021196141800, 0x0000021196151000,
0x0000021196152000, 0x0000021196154800, 0x0000021196a72800, 0x0000021196156000,
0x0000021196c21800, 0x0000021196e67000, 0x0000021196dac000, 0x0000021196dad000,
0x0000021196e1c800, 0x0000021197163800, 0x0000021197240000, 0x0000021199493800,
0x00000211973b1000
}

Java Threads: ( => current thread )
  0x00000211f758d000 JavaThread "main" [_thread_blocked, id=27252, stack(0x00000082ac700000,0x00000082ac800000)]
  0x0000021196138800 JavaThread "Reference Handler" daemon [_thread_blocked, id=22600, stack(0x00000082ace00000,0x00000082acf00000)]
  0x0000021196141800 JavaThread "Finalizer" daemon [_thread_blocked, id=396, stack(0x00000082acf00000,0x00000082ad000000)]
  0x0000021196151000 JavaThread "Signal Dispatcher" daemon [_thread_blocked, id=7028, stack(0x00000082ad000000,0x00000082ad100000)]
  0x0000021196152000 JavaThread "Attach Listener" daemon [_thread_blocked, id=11380, stack(0x00000082ad100000,0x00000082ad200000)]
  0x0000021196154800 JavaThread "C2 CompilerThread0" daemon [_thread_blocked, id=22928, stack(0x00000082ad200000,0x00000082ad300000)]
  0x0000021196a72800 JavaThread "C1 CompilerThread0" daemon [_thread_blocked, id=11580, stack(0x00000082ad300000,0x00000082ad400000)]
  0x0000021196156000 JavaThread "Sweeper thread" daemon [_thread_blocked, id=15464, stack(0x00000082ad400000,0x00000082ad500000)]
  0x0000021196c21800 JavaThread "Common-Cleaner" daemon [_thread_blocked, id=27148, stack(0x00000082ad500000,0x00000082ad600000)]
  0x0000021196e67000 JavaThread "JDWP Transport Listener: dt_socket" daemon [_thread_blocked, id=25456, stack(0x00000082ad700000,0x00000082ad800000)]
  0x0000021196dac000 JavaThread "JDWP Event Helper Thread" daemon [_thread_blocked, id=21208, stack(0x00000082ad800000,0x00000082ad900000)]
  0x0000021196dad000 JavaThread "JDWP Command Reader" daemon [_thread_in_native, id=27572, stack(0x00000082ad900000,0x00000082ada00000)]
  0x0000021196e1c800 JavaThread "Service Thread" daemon [_thread_blocked, id=19180, stack(0x00000082ada00000,0x00000082adb00000)]
  0x0000021197163800 JavaThread "Java2D Disposer" daemon [_thread_blocked, id=26344, stack(0x00000082adc00000,0x00000082add00000)]
  0x0000021197240000 JavaThread "AWT-Windows" daemon [_thread_in_native, id=26100, stack(0x00000082ade00000,0x00000082adf00000)]
  0x0000021199493800 JavaThread "TimerQueue" daemon [_thread_blocked, id=24972, stack(0x00000082ae400000,0x00000082ae500000)]
  0x00000211973b1000 JavaThread "AWT-Shutdown" [_thread_blocked, id=26636, stack(0x00000082ad600000,0x00000082ad700000)]

Other Threads:
  0x0000021196113800 VMThread "VM Thread" [stack: 0x00000082acd00000,0x00000082ace00000] [id=14792]
  0x0000021196e3d000 WatcherThread [stack: 0x00000082adb00000,0x00000082adc00000] [id=18640]
=>0x00000211f75a2000 GCTaskThread "GC Thread#0" [stack: 0x00000082ac800000,0x00000082ac900000] [id=2456]
  0x0000021196f06800 GCTaskThread "GC Thread#1" [stack: 0x00000082add00000,0x00000082ade00000] [id=26508]
  0x0000021199359000 GCTaskThread "GC Thread#2" [stack: 0x00000082adf00000,0x00000082ae000000] [id=11988]
  0x0000021199359800 GCTaskThread "GC Thread#3" [stack: 0x00000082ae000000,0x00000082ae100000] [id=22804]
  0x00000211f75cd000 ConcurrentGCThread "G1 Main Marker" [stack: 0x00000082ac900000,0x00000082aca00000] [id=26820]
  0x00000211f75cf800 ConcurrentGCThread "G1 Conc#0" [stack: 0x00000082aca00000,0x00000082acb00000] [id=25316]
  0x0000021195f76800 ConcurrentGCThread "G1 Refine#0" [stack: 0x00000082acb00000,0x00000082acc00000] [id=19136]
  0x0000021195f77800 ConcurrentGCThread "G1 Young RemSet Sampling" [stack: 0x00000082acc00000,0x00000082acd00000] [id=22264]

Threads with active compile tasks:

VM state:at safepoint (normal execution)

VM Mutex/Monitor currently owned by a thread:  ([mutex/lock_event])
[0x00000211f758a030] Threads_lock - owner thread: 0x0000021196113800
[0x00000211f758b6b0] Heap_lock - owner thread: 0x00000211973b1000

Heap address: 0x0000000082000000, size: 2016 MB, Compressed Oops mode: 32-bit
Narrow klass base: 0x0000000000000000, Narrow klass shift: 3
Compressed class space size: 1073741824 Address: 0x0000000100000000

Heap:
 garbage-first heap   total 129024K, used 24576K [0x0000000082000000, 0x0000000100000000)
  region size 1024K, 27 young (27648K), 3 survivors (3072K)
 Metaspace       used 19118K, capacity 19540K, committed 19712K, reserved 1067008K
  class space    used 1984K, capacity 2195K, committed 2304K, reserved 1048576K
Heap Regions: E=young(eden), S=young(survivor), O=old, HS=humongous(starts), HC=humongous(continues), CS=collection set, F=free, A=archive, TAMS=top-at-mark-start (previous, next)
|   0|0x0000000082000000, 0x000000008204df98, 0x0000000082100000| 30%| O|  |TAMS 0x0000000082000000, 0x0000000082000000| Untracked 
|   1|0x0000000082100000, 0x0000000082100000, 0x0000000082200000|  0%| F|  |TAMS 0x0000000082100000, 0x0000000082100000| Untracked 
|   2|0x0000000082200000, 0x0000000082200000, 0x0000000082300000|  0%| F|  |TAMS 0x0000000082200000, 0x0000000082200000| Untracked 
|   3|0x0000000082300000, 0x0000000082300000, 0x0000000082400000|  0%| F|  |TAMS 0x0000000082300000, 0x0000000082300000| Untracked 
|   4|0x0000000082400000, 0x0000000082400000, 0x0000000082500000|  0%| F|  |TAMS 0x0000000082400000, 0x0000000082400000| Untracked 
|   5|0x0000000082500000, 0x0000000082500000, 0x0000000082600000|  0%| F|  |TAMS 0x0000000082500000, 0x0000000082500000| Untracked 
|   6|0x0000000082600000, 0x0000000082600000, 0x0000000082700000|  0%| F|  |TAMS 0x0000000082600000, 0x0000000082600000| Untracked 
|   7|0x0000000082700000, 0x0000000082700000, 0x0000000082800000|  0%| F|  |TAMS 0x0000000082700000, 0x0000000082700000| Untracked 
|   8|0x0000000082800000, 0x0000000082800000, 0x0000000082900000|  0%| F|  |TAMS 0x0000000082800000, 0x0000000082800000| Untracked 
|   9|0x0000000082900000, 0x0000000082900000, 0x0000000082a00000|  0%| F|  |TAMS 0x0000000082900000, 0x0000000082900000| Untracked 
|  10|0x0000000082a00000, 0x0000000082a00000, 0x0000000082b00000|  0%| F|  |TAMS 0x0000000082a00000, 0x0000000082a00000| Untracked 
|  11|0x0000000082b00000, 0x0000000082b00000, 0x0000000082c00000|  0%| F|  |TAMS 0x0000000082b00000, 0x0000000082b00000| Untracked 
|  12|0x0000000082c00000, 0x0000000082c00000, 0x0000000082d00000|  0%| F|  |TAMS 0x0000000082c00000, 0x0000000082c00000| Untracked 
|  13|0x0000000082d00000, 0x0000000082d00000, 0x0000000082e00000|  0%| F|  |TAMS 0x0000000082d00000, 0x0000000082d00000| Untracked 
|  14|0x0000000082e00000, 0x0000000082e00000, 0x0000000082f00000|  0%| F|  |TAMS 0x0000000082e00000, 0x0000000082e00000| Untracked 
|  15|0x0000000082f00000, 0x0000000082f00000, 0x0000000083000000|  0%| F|  |TAMS 0x0000000082f00000, 0x0000000082f00000| Untracked 
|  16|0x0000000083000000, 0x0000000083000000, 0x0000000083100000|  0%| F|  |TAMS 0x0000000083000000, 0x0000000083000000| Untracked 
|  17|0x0000000083100000, 0x0000000083100000, 0x0000000083200000|  0%| F|  |TAMS 0x0000000083100000, 0x0000000083100000| Untracked 
|  18|0x0000000083200000, 0x0000000083200000, 0x0000000083300000|  0%| F|  |TAMS 0x0000000083200000, 0x0000000083200000| Untracked 
|  19|0x0000000083300000, 0x0000000083300000, 0x0000000083400000|  0%| F|  |TAMS 0x0000000083300000, 0x0000000083300000| Untracked 
|  20|0x0000000083400000, 0x0000000083400000, 0x0000000083500000|  0%| F|  |TAMS 0x0000000083400000, 0x0000000083400000| Untracked 
|  21|0x0000000083500000, 0x0000000083500000, 0x0000000083600000|  0%| F|  |TAMS 0x0000000083500000, 0x0000000083500000| Untracked 
|  22|0x0000000083600000, 0x0000000083600000, 0x0000000083700000|  0%| F|  |TAMS 0x0000000083600000, 0x0000000083600000| Untracked 
|  23|0x0000000083700000, 0x0000000083700000, 0x0000000083800000|  0%| F|  |TAMS 0x0000000083700000, 0x0000000083700000| Untracked 
|  24|0x0000000083800000, 0x0000000083800000, 0x0000000083900000|  0%| F|  |TAMS 0x0000000083800000, 0x0000000083800000| Untracked 
|  25|0x0000000083900000, 0x0000000083900000, 0x0000000083a00000|  0%| F|  |TAMS 0x0000000083900000, 0x0000000083900000| Untracked 
|  26|0x0000000083a00000, 0x0000000083a00000, 0x0000000083b00000|  0%| F|  |TAMS 0x0000000083a00000, 0x0000000083a00000| Untracked 
|  27|0x0000000083b00000, 0x0000000083b00000, 0x0000000083c00000|  0%| F|  |TAMS 0x0000000083b00000, 0x0000000083b00000| Untracked 
|  28|0x0000000083c00000, 0x0000000083c00000, 0x0000000083d00000|  0%| F|  |TAMS 0x0000000083c00000, 0x0000000083c00000| Untracked 
|  29|0x0000000083d00000, 0x0000000083d00000, 0x0000000083e00000|  0%| F|  |TAMS 0x0000000083d00000, 0x0000000083d00000| Untracked 
|  30|0x0000000083e00000, 0x0000000083e00000, 0x0000000083f00000|  0%| F|  |TAMS 0x0000000083e00000, 0x0000000083e00000| Untracked 
|  31|0x0000000083f00000, 0x0000000083f00000, 0x0000000084000000|  0%| F|  |TAMS 0x0000000083f00000, 0x0000000083f00000| Untracked 
|  32|0x0000000084000000, 0x0000000084000000, 0x0000000084100000|  0%| F|  |TAMS 0x0000000084000000, 0x0000000084000000| Untracked 
|  33|0x0000000084100000, 0x0000000084100000, 0x0000000084200000|  0%| F|  |TAMS 0x0000000084100000, 0x0000000084100000| Untracked 
|  34|0x0000000084200000, 0x0000000084200000, 0x0000000084300000|  0%| F|  |TAMS 0x0000000084200000, 0x0000000084200000| Untracked 
|  35|0x0000000084300000, 0x0000000084300000, 0x0000000084400000|  0%| F|  |TAMS 0x0000000084300000, 0x0000000084300000| Untracked 
|  36|0x0000000084400000, 0x0000000084400000, 0x0000000084500000|  0%| F|  |TAMS 0x0000000084400000, 0x0000000084400000| Untracked 
|  37|0x0000000084500000, 0x0000000084500000, 0x0000000084600000|  0%| F|  |TAMS 0x0000000084500000, 0x0000000084500000| Untracked 
|  38|0x0000000084600000, 0x0000000084600000, 0x0000000084700000|  0%| F|  |TAMS 0x0000000084600000, 0x0000000084600000| Untracked 
|  39|0x0000000084700000, 0x0000000084700000, 0x0000000084800000|  0%| F|  |TAMS 0x0000000084700000, 0x0000000084700000| Untracked 
|  40|0x0000000084800000, 0x0000000084800000, 0x0000000084900000|  0%| F|  |TAMS 0x0000000084800000, 0x0000000084800000| Untracked 
|  41|0x0000000084900000, 0x0000000084900000, 0x0000000084a00000|  0%| F|  |TAMS 0x0000000084900000, 0x0000000084900000| Untracked 
|  42|0x0000000084a00000, 0x0000000084a00000, 0x0000000084b00000|  0%| F|  |TAMS 0x0000000084a00000, 0x0000000084a00000| Untracked 
|  43|0x0000000084b00000, 0x0000000084b00000, 0x0000000084c00000|  0%| F|  |TAMS 0x0000000084b00000, 0x0000000084b00000| Untracked 
|  44|0x0000000084c00000, 0x0000000084c00000, 0x0000000084d00000|  0%| F|  |TAMS 0x0000000084c00000, 0x0000000084c00000| Untracked 
|  45|0x0000000084d00000, 0x0000000084d00000, 0x0000000084e00000|  0%| F|  |TAMS 0x0000000084d00000, 0x0000000084d00000| Untracked 
|  46|0x0000000084e00000, 0x0000000084e00000, 0x0000000084f00000|  0%| F|  |TAMS 0x0000000084e00000, 0x0000000084e00000| Untracked 
|  47|0x0000000084f00000, 0x0000000084f00000, 0x0000000085000000|  0%| F|  |TAMS 0x0000000084f00000, 0x0000000084f00000| Untracked 
|  48|0x0000000085000000, 0x0000000085000000, 0x0000000085100000|  0%| F|  |TAMS 0x0000000085000000, 0x0000000085000000| Untracked 
|  49|0x0000000085100000, 0x0000000085100000, 0x0000000085200000|  0%| F|  |TAMS 0x0000000085100000, 0x0000000085100000| Untracked 
|  50|0x0000000085200000, 0x0000000085200000, 0x0000000085300000|  0%| F|  |TAMS 0x0000000085200000, 0x0000000085200000| Untracked 
|  51|0x0000000085300000, 0x0000000085300000, 0x0000000085400000|  0%| F|  |TAMS 0x0000000085300000, 0x0000000085300000| Untracked 
|  52|0x0000000085400000, 0x0000000085400000, 0x0000000085500000|  0%| F|  |TAMS 0x0000000085400000, 0x0000000085400000| Untracked 
|  53|0x0000000085500000, 0x0000000085500000, 0x0000000085600000|  0%| F|  |TAMS 0x0000000085500000, 0x0000000085500000| Untracked 
|  54|0x0000000085600000, 0x0000000085600000, 0x0000000085700000|  0%| F|  |TAMS 0x0000000085600000, 0x0000000085600000| Untracked 
|  55|0x0000000085700000, 0x0000000085700000, 0x0000000085800000|  0%| F|  |TAMS 0x0000000085700000, 0x0000000085700000| Untracked 
|  56|0x0000000085800000, 0x0000000085800000, 0x0000000085900000|  0%| F|  |TAMS 0x0000000085800000, 0x0000000085800000| Untracked 
|  57|0x0000000085900000, 0x0000000085900000, 0x0000000085a00000|  0%| F|  |TAMS 0x0000000085900000, 0x0000000085900000| Untracked 
|  58|0x0000000085a00000, 0x0000000085a00000, 0x0000000085b00000|  0%| F|  |TAMS 0x0000000085a00000, 0x0000000085a00000| Untracked 
|  59|0x0000000085b00000, 0x0000000085b00000, 0x0000000085c00000|  0%| F|  |TAMS 0x0000000085b00000, 0x0000000085b00000| Untracked 
|  60|0x0000000085c00000, 0x0000000085c00000, 0x0000000085d00000|  0%| F|  |TAMS 0x0000000085c00000, 0x0000000085c00000| Untracked 
|  61|0x0000000085d00000, 0x0000000085d00000, 0x0000000085e00000|  0%| F|  |TAMS 0x0000000085d00000, 0x0000000085d00000| Untracked 
|  62|0x0000000085e00000, 0x0000000085e00000, 0x0000000085f00000|  0%| F|  |TAMS 0x0000000085e00000, 0x0000000085e00000| Untracked 
|  63|0x0000000085f00000, 0x0000000085f00000, 0x0000000086000000|  0%| F|  |TAMS 0x0000000085f00000, 0x0000000085f00000| Untracked 
|  64|0x0000000086000000, 0x0000000086000000, 0x0000000086100000|  0%| F|  |TAMS 0x0000000086000000, 0x0000000086000000| Untracked 
|  65|0x0000000086100000, 0x0000000086100000, 0x0000000086200000|  0%| F|  |TAMS 0x0000000086100000, 0x0000000086100000| Untracked 
|  66|0x0000000086200000, 0x0000000086200000, 0x0000000086300000|  0%| F|  |TAMS 0x0000000086200000, 0x0000000086200000| Untracked 
|  67|0x0000000086300000, 0x0000000086300000, 0x0000000086400000|  0%| F|  |TAMS 0x0000000086300000, 0x0000000086300000| Untracked 
|  68|0x0000000086400000, 0x0000000086400000, 0x0000000086500000|  0%| F|  |TAMS 0x0000000086400000, 0x0000000086400000| Untracked 
|  69|0x0000000086500000, 0x0000000086500000, 0x0000000086600000|  0%| F|  |TAMS 0x0000000086500000, 0x0000000086500000| Untracked 
|  70|0x0000000086600000, 0x0000000086600000, 0x0000000086700000|  0%| F|  |TAMS 0x0000000086600000, 0x0000000086600000| Untracked 
|  71|0x0000000086700000, 0x0000000086700000, 0x0000000086800000|  0%| F|  |TAMS 0x0000000086700000, 0x0000000086700000| Untracked 
|  72|0x0000000086800000, 0x0000000086800000, 0x0000000086900000|  0%| F|  |TAMS 0x0000000086800000, 0x0000000086800000| Untracked 
|  73|0x0000000086900000, 0x0000000086900000, 0x0000000086a00000|  0%| F|  |TAMS 0x0000000086900000, 0x0000000086900000| Untracked 
|  74|0x0000000086a00000, 0x0000000086a00000, 0x0000000086b00000|  0%| F|  |TAMS 0x0000000086a00000, 0x0000000086a00000| Untracked 
|  75|0x0000000086b00000, 0x0000000086b00000, 0x0000000086c00000|  0%| F|  |TAMS 0x0000000086b00000, 0x0000000086b00000| Untracked 
|  76|0x0000000086c00000, 0x0000000086c00000, 0x0000000086d00000|  0%| F|  |TAMS 0x0000000086c00000, 0x0000000086c00000| Untracked 
|  77|0x0000000086d00000, 0x0000000086d00000, 0x0000000086e00000|  0%| F|  |TAMS 0x0000000086d00000, 0x0000000086d00000| Untracked 
|  78|0x0000000086e00000, 0x0000000086e00000, 0x0000000086f00000|  0%| F|  |TAMS 0x0000000086e00000, 0x0000000086e00000| Untracked 
|  79|0x0000000086f00000, 0x0000000086f00000, 0x0000000087000000|  0%| F|  |TAMS 0x0000000086f00000, 0x0000000086f00000| Untracked 
|  80|0x0000000087000000, 0x0000000087000000, 0x0000000087100000|  0%| F|  |TAMS 0x0000000087000000, 0x0000000087000000| Untracked 
|  81|0x0000000087100000, 0x0000000087100000, 0x0000000087200000|  0%| F|  |TAMS 0x0000000087100000, 0x0000000087100000| Untracked 
|  82|0x0000000087200000, 0x0000000087200000, 0x0000000087300000|  0%| F|  |TAMS 0x0000000087200000, 0x0000000087200000| Untracked 
|  83|0x0000000087300000, 0x0000000087300000, 0x0000000087400000|  0%| F|  |TAMS 0x0000000087300000, 0x0000000087300000| Untracked 
|  84|0x0000000087400000, 0x0000000087400000, 0x0000000087500000|  0%| F|  |TAMS 0x0000000087400000, 0x0000000087400000| Untracked 
|  85|0x0000000087500000, 0x0000000087500000, 0x0000000087600000|  0%| F|  |TAMS 0x0000000087500000, 0x0000000087500000| Untracked 
|  86|0x0000000087600000, 0x0000000087600000, 0x0000000087700000|  0%| F|  |TAMS 0x0000000087600000, 0x0000000087600000| Untracked 
|  87|0x0000000087700000, 0x0000000087700000, 0x0000000087800000|  0%| F|  |TAMS 0x0000000087700000, 0x0000000087700000| Untracked 
|  88|0x0000000087800000, 0x0000000087800000, 0x0000000087900000|  0%| F|  |TAMS 0x0000000087800000, 0x0000000087800000| Untracked 
|  89|0x0000000087900000, 0x0000000087900000, 0x0000000087a00000|  0%| F|  |TAMS 0x0000000087900000, 0x0000000087900000| Untracked 
|  90|0x0000000087a00000, 0x0000000087a00000, 0x0000000087b00000|  0%| F|  |TAMS 0x0000000087a00000, 0x0000000087a00000| Untracked 
|  91|0x0000000087b00000, 0x0000000087b00000, 0x0000000087c00000|  0%| F|  |TAMS 0x0000000087b00000, 0x0000000087b00000| Untracked 
|  92|0x0000000087c00000, 0x0000000087c00000, 0x0000000087d00000|  0%| F|  |TAMS 0x0000000087c00000, 0x0000000087c00000| Untracked 
|  93|0x0000000087d00000, 0x0000000087d00000, 0x0000000087e00000|  0%| F|  |TAMS 0x0000000087d00000, 0x0000000087d00000| Untracked 
|  94|0x0000000087e00000, 0x0000000087e00000, 0x0000000087f00000|  0%| F|  |TAMS 0x0000000087e00000, 0x0000000087e00000| Untracked 
|  95|0x0000000087f00000, 0x0000000087f00000, 0x0000000088000000|  0%| F|  |TAMS 0x0000000087f00000, 0x0000000087f00000| Untracked 
|  96|0x0000000088000000, 0x0000000088000000, 0x0000000088100000|  0%| F|  |TAMS 0x0000000088000000, 0x0000000088000000| Untracked 
|  97|0x0000000088100000, 0x0000000088100000, 0x0000000088200000|  0%| F|  |TAMS 0x0000000088100000, 0x0000000088100000| Untracked 
|  98|0x0000000088200000, 0x0000000088200000, 0x0000000088300000|  0%| F|  |TAMS 0x0000000088200000, 0x0000000088200000| Untracked 
|  99|0x0000000088300000, 0x0000000088400000, 0x0000000088400000|100%| S|  |TAMS 0x0000000088300000, 0x0000000088300000| Complete 
| 100|0x0000000088400000, 0x0000000088500000, 0x0000000088500000|100%| S|  |TAMS 0x0000000088400000, 0x0000000088400000| Complete 
| 101|0x0000000088500000, 0x0000000088600000, 0x0000000088600000|100%| S|  |TAMS 0x0000000088500000, 0x0000000088500000| Complete 
| 102|0x0000000088600000, 0x0000000088700000, 0x0000000088700000|100%| E|CS|TAMS 0x0000000088600000, 0x0000000088600000| Complete 
| 103|0x0000000088700000, 0x0000000088800000, 0x0000000088800000|100%| E|CS|TAMS 0x0000000088700000, 0x0000000088700000| Complete 
| 104|0x0000000088800000, 0x0000000088900000, 0x0000000088900000|100%| E|CS|TAMS 0x0000000088800000, 0x0000000088800000| Complete 
| 105|0x0000000088900000, 0x0000000088a00000, 0x0000000088a00000|100%| E|CS|TAMS 0x0000000088900000, 0x0000000088900000| Complete 
| 106|0x0000000088a00000, 0x0000000088b00000, 0x0000000088b00000|100%| E|CS|TAMS 0x0000000088a00000, 0x0000000088a00000| Complete 
| 107|0x0000000088b00000, 0x0000000088c00000, 0x0000000088c00000|100%| E|CS|TAMS 0x0000000088b00000, 0x0000000088b00000| Complete 
| 108|0x0000000088c00000, 0x0000000088d00000, 0x0000000088d00000|100%| E|CS|TAMS 0x0000000088c00000, 0x0000000088c00000| Complete 
| 109|0x0000000088d00000, 0x0000000088e00000, 0x0000000088e00000|100%| E|CS|TAMS 0x0000000088d00000, 0x0000000088d00000| Complete 
| 110|0x0000000088e00000, 0x0000000088f00000, 0x0000000088f00000|100%| E|CS|TAMS 0x0000000088e00000, 0x0000000088e00000| Complete 
| 111|0x0000000088f00000, 0x0000000089000000, 0x0000000089000000|100%| E|CS|TAMS 0x0000000088f00000, 0x0000000088f00000| Complete 
| 112|0x0000000089000000, 0x0000000089100000, 0x0000000089100000|100%| E|CS|TAMS 0x0000000089000000, 0x0000000089000000| Complete 
| 113|0x0000000089100000, 0x0000000089200000, 0x0000000089200000|100%| E|CS|TAMS 0x0000000089100000, 0x0000000089100000| Complete 
| 114|0x0000000089200000, 0x0000000089300000, 0x0000000089300000|100%| E|CS|TAMS 0x0000000089200000, 0x0000000089200000| Complete 
| 115|0x0000000089300000, 0x0000000089400000, 0x0000000089400000|100%| E|CS|TAMS 0x0000000089300000, 0x0000000089300000| Complete 
| 116|0x0000000089400000, 0x0000000089500000, 0x0000000089500000|100%| E|CS|TAMS 0x0000000089400000, 0x0000000089400000| Complete 
| 117|0x0000000089500000, 0x0000000089600000, 0x0000000089600000|100%| E|CS|TAMS 0x0000000089500000, 0x0000000089500000| Complete 
| 118|0x0000000089600000, 0x0000000089700000, 0x0000000089700000|100%| E|CS|TAMS 0x0000000089600000, 0x0000000089600000| Complete 
| 119|0x0000000089700000, 0x0000000089800000, 0x0000000089800000|100%| E|CS|TAMS 0x0000000089700000, 0x0000000089700000| Complete 
| 120|0x0000000089800000, 0x0000000089900000, 0x0000000089900000|100%| E|CS|TAMS 0x0000000089800000, 0x0000000089800000| Complete 
| 121|0x0000000089900000, 0x0000000089a00000, 0x0000000089a00000|100%| E|CS|TAMS 0x0000000089900000, 0x0000000089900000| Complete 
| 122|0x0000000089a00000, 0x0000000089b00000, 0x0000000089b00000|100%| E|CS|TAMS 0x0000000089a00000, 0x0000000089a00000| Complete 
| 123|0x0000000089b00000, 0x0000000089c00000, 0x0000000089c00000|100%| E|CS|TAMS 0x0000000089b00000, 0x0000000089b00000| Complete 
| 124|0x0000000089c00000, 0x0000000089d00000, 0x0000000089d00000|100%| E|CS|TAMS 0x0000000089c00000, 0x0000000089c00000| Complete 
| 125|0x0000000089d00000, 0x0000000089e00000, 0x0000000089e00000|100%| E|CS|TAMS 0x0000000089d00000, 0x0000000089d00000| Complete 

Card table byte_map: [0x000002118f000000,0x000002118f3f0000] _byte_map_base: 0x000002118ebf0000

Marking Bits (Prev, Next): (CMBitMap*) 0x00000211f75c4878, (CMBitMap*) 0x00000211f75c48b0
 Prev Bits: [0x000002118f7e0000, 0x0000021191760000)
 Next Bits: [0x0000021191760000, 0x00000211936e0000)

Polling page: 0x00000211f5500000

Metaspace:

Usage:
  Non-class:     16.94 MB capacity,    16.73 MB ( 99%) used,   160.84 KB ( <1%) free+waste,    50.19 KB ( <1%) overhead. 
      Class:      2.14 MB capacity,     1.94 MB ( 90%) used,   184.68 KB (  8%) free+waste,    25.50 KB (  1%) overhead. 
       Both:     19.08 MB capacity,    18.67 MB ( 98%) used,   345.52 KB (  2%) free+waste,    75.69 KB ( <1%) overhead. 

Virtual space:
  Non-class space:       18.00 MB reserved,      17.00 MB ( 94%) committed 
      Class space:        1.00 GB reserved,       2.25 MB ( <1%) committed 
             Both:        1.02 GB reserved,      19.25 MB (  2%) committed 

Chunk freelists:
   Non-Class:  7.88 KB
       Class:  1.63 KB
        Both:  9.50 KB

CodeHeap 'non-profiled nmethods': size=120000Kb used=594Kb max_used=594Kb free=119405Kb
 bounds [0x0000021187ad0000, 0x0000021187d40000, 0x000002118f000000]
CodeHeap 'profiled nmethods': size=120000Kb used=3472Kb max_used=3472Kb free=116527Kb
 bounds [0x00000211805a0000, 0x0000021180910000, 0x0000021187ad0000]
CodeHeap 'non-nmethods': size=5760Kb used=1308Kb max_used=1329Kb free=4451Kb
 bounds [0x0000021180000000, 0x0000021180270000, 0x00000211805a0000]
 total_blobs=2693 nmethods=1707 adapters=518
 compilation: enabled
              stopped_count=0, restarted_count=0
 full_count=0

Compilation events (10 events):
Event: 104.540 Thread 0x0000021196a72800 1819       3       sun.util.locale.LanguageTag::getVariants (24 bytes)
Event: 104.540 Thread 0x0000021196a72800 nmethod 1819 0x0000021180903890 code [0x0000021180903b00, 0x00000211809046b0]
Event: 157.654 Thread 0x0000021196a72800 1821       3       org.eclipse.jdt.launching.internal.org.objectweb.asm.ClassReader::readClass (7 bytes)
Event: 157.654 Thread 0x0000021196a72800 nmethod 1821 0x0000021180904a10 code [0x0000021180904c00, 0x00000211809050d0]
Event: 157.654 Thread 0x0000021196a72800 1822       3       org.eclipse.jdt.launching.internal.org.objectweb.asm.ClassReader::readStringish (16 bytes)
Event: 157.654 Thread 0x0000021196a72800 nmethod 1822 0x0000021180905390 code [0x0000021180905580, 0x00000211809059d0]
Event: 157.654 Thread 0x0000021196a72800 1824       3       org.eclipse.jdt.launching.internal.org.objectweb.asm.MethodWriter::visitMethodInsn (191 bytes)
Event: 157.663 Thread 0x0000021196a72800 nmethod 1824 0x0000021180905c10 code [0x0000021180905e60, 0x00000211809067b0]
Event: 157.663 Thread 0x0000021196a72800 1823       3       org.eclipse.jdt.launching.internal.org.objectweb.asm.ClassReader::readInt (52 bytes)
Event: 157.663 Thread 0x0000021196a72800 nmethod 1823 0x0000021180728710 code [0x00000211807288c0, 0x0000021180728af8]

GC Heap History (1 events):
Event: 362.790 GC heap before
{Heap before GC invocations=0 (full 0):
 garbage-first heap   total 129024K, used 23552K [0x0000000082000000, 0x0000000100000000)
  region size 1024K, 24 young (24576K), 0 survivors (0K)
 Metaspace       used 19118K, capacity 19540K, committed 19712K, reserved 1067008K
  class space    used 1984K, capacity 2195K, committed 2304K, reserved 1048576K
}

Deoptimization events (8 events):
Event: 0.283 Thread 0x00000211f758d000 Uncommon trap: reason=unstable_if action=reinterpret pc=0x0000021187adf078 method=java.lang.String.isLatin1()Z @ 10 c2
Event: 0.623 Thread 0x00000211f758d000 Uncommon trap: reason=unstable_if action=reinterpret pc=0x0000021187aded7c method=java.lang.String.isLatin1()Z @ 10 c2
Event: 0.623 Thread 0x00000211f758d000 Uncommon trap: reason=unstable_if action=reinterpret pc=0x0000021187ade4f4 method=java.util.HashMap.putVal(ILjava/lang/Object;Ljava/lang/Object;ZZ)Ljava/lang/Object; @ 181 c2
Event: 0.752 Thread 0x0000021197240000 Uncommon trap: reason=unstable_if action=reinterpret pc=0x0000021187b24d1c method=java.util.HashMap.putVal(ILjava/lang/Object;Ljava/lang/Object;ZZ)Ljava/lang/Object; @ 81 c2
Event: 2.056 Thread 0x0000021199358000 Uncommon trap: reason=class_check action=maybe_recompile pc=0x0000021187adb760 method=java.lang.String.equals(Ljava/lang/Object;)Z @ 8 c2
Event: 2.056 Thread 0x0000021199358000 Uncommon trap: reason=class_check action=maybe_recompile pc=0x0000021187adb760 method=java.lang.String.equals(Ljava/lang/Object;)Z @ 8 c2
Event: 2.186 Thread 0x0000021199358000 Uncommon trap: reason=class_check action=maybe_recompile pc=0x0000021187adb760 method=java.lang.String.equals(Ljava/lang/Object;)Z @ 8 c2
Event: 2.186 Thread 0x0000021199358000 Uncommon trap: reason=class_check action=maybe_recompile pc=0x0000021187adb760 method=java.lang.String.equals(Ljava/lang/Object;)Z @ 8 c2

Classes redefined (2 events):
Event: 59.812 Thread 0x0000021196113800 redefined class name=pvictor.executavel.Main, count=1
Event: 157.661 Thread 0x0000021196113800 redefined class name=pvictor.executavel.Main, count=2

Internal exceptions (10 events):
Event: 0.500 Thread 0x00000211f758d000 Exception <a 'java/lang/NoSuchMethodError'{0x00000000893aac70}: java.lang.invoke.DirectMethodHandle$Holder.invokeStatic(Ljava/lang/Object;ILjava/lang/Object;Ljava/lang/Object;Ljava/lang/Object;)Ljava/lang/Object;> (0x00000000893aac70) thrown at [t:/worksp
Event: 0.500 Thread 0x00000211f758d000 Exception <a 'java/lang/NoSuchMethodError'{0x00000000893ae7b0}: java.lang.invoke.DirectMethodHandle$Holder.invokeSpecial(Ljava/lang/Object;Ljava/lang/Object;ILjava/lang/Object;Ljava/lang/Object;Ljava/lang/Object;)Ljava/lang/Object;> (0x00000000893ae7b0) t
Event: 0.538 Thread 0x00000211f758d000 Exception <a 'java/lang/ClassNotFoundException'{0x00000000892a8838}: com/sun/swing/internal/plaf/metal/resources/spi/metalProvider> (0x00000000892a8838) thrown at [t:/workspace/open/src/hotspot/share/classfile/systemDictionary.cpp, line 231]
Event: 0.539 Thread 0x00000211f758d000 Exception <a 'java/lang/ClassNotFoundException'{0x00000000892af388}: com/sun/swing/internal/plaf/basic/resources/spi/basicProvider> (0x00000000892af388) thrown at [t:/workspace/open/src/hotspot/share/classfile/systemDictionary.cpp, line 231]
Event: 0.543 Thread 0x00000211f758d000 Exception <a 'java/lang/NoSuchMethodError'{0x00000000892eac68}: java.lang.invoke.DirectMethodHandle$Holder.invokeStatic(Ljava/lang/Object;Ljava/lang/Object;Ljava/lang/Object;Ljava/lang/Object;Ljava/lang/Object;Ljava/lang/Object;Ljava/lang/Object;Ljava/lan
Event: 0.545 Thread 0x00000211f758d000 Exception <a 'java/lang/NoSuchMethodError'{0x000000008910a348}: java.lang.invoke.DirectMethodHandle$Holder.invokeStatic(Ljava/lang/Object;Ljava/lang/Object;Ljava/lang/Object;Ljava/lang/Object;Ljava/lang/Object;Ljava/lang/Object;Ljava/lang/Object;Ljava/lan
Event: 0.547 Thread 0x00000211f758d000 Exception <a 'java/lang/NoSuchMethodError'{0x000000008912a268}: java.lang.invoke.DirectMethodHandle$Holder.invokeStatic(Ljava/lang/Object;Ljava/lang/Object;Ljava/lang/Object;Ljava/lang/Object;Ljava/lang/Object;Ljava/lang/Object;Ljava/lang/Object;Ljava/lan
Event: 0.549 Thread 0x00000211f758d000 Exception <a 'java/lang/NoSuchMethodError'{0x000000008914b8e0}: java.lang.invoke.DirectMethodHandle$Holder.invokeStatic(Ljava/lang/Object;Ljava/lang/Object;Ljava/lang/Object;Ljava/lang/Object;Ljava/lang/Object;Ljava/lang/Object;Ljava/lang/Object;Ljava/lan
Event: 0.768 Thread 0x00000211f758d000 Exception <a 'java/lang/NoSuchMethodError'{0x0000000088cc3b38}: java.lang.invoke.DirectMethodHandle$Holder.invokeStaticInit(Ljava/lang/Object;)V> (0x0000000088cc3b38) thrown at [t:/workspace/open/src/hotspot/share/interpreter/linkResolver.cpp, line 772]
Event: 0.776 Thread 0x00000211f758d000 Exception <a 'java/lang/NoSuchMethodError'{0x0000000088b1c9b0}: java.lang.invoke.Invokers$Holder.linkToTargetMethod(Ljava/lang/Object;ILjava/lang/Object;)Ljava/lang/Object;> (0x0000000088b1c9b0) thrown at [t:/workspace/open/src/hotspot/share/interpreter/l

Events (10 events):
Event: 198.212 Executing VM operation: GetCurrentContendedMonitor
Event: 198.212 Executing VM operation: GetCurrentContendedMonitor done
Event: 198.212 Executing VM operation: GetOwnedMonitorInfo
Event: 198.212 Executing VM operation: GetOwnedMonitorInfo done
Event: 343.251 Executing VM operation: GetCurrentContendedMonitor
Event: 343.251 Executing VM operation: GetCurrentContendedMonitor done
Event: 343.252 Executing VM operation: GetOwnedMonitorInfo
Event: 343.252 Executing VM operation: GetOwnedMonitorInfo done
Event: 361.790 Thread 0x00000211973b1000 Thread added: 0x00000211973b1000
Event: 362.790 Executing VM operation: G1CollectForAllocation


Dynamic libraries:
0x00007ff702120000 - 0x00007ff702167000 	C:\Program Files\Java\jdk-11.0.1\bin\javaw.exe
0x00007ffefeca0000 - 0x00007ffefee90000 	C:\Windows\SYSTEM32\ntdll.dll
0x00007ffefeb90000 - 0x00007ffefec42000 	C:\Windows\System32\KERNEL32.DLL
0x00007ffefbe20000 - 0x00007ffefc0c4000 	C:\Windows\System32\KERNELBASE.dll
0x00007ffefcd50000 - 0x00007ffefcdf3000 	C:\Windows\System32\ADVAPI32.dll
0x00007ffefe2e0000 - 0x00007ffefe37e000 	C:\Windows\System32\msvcrt.dll
0x00007ffefe0d0000 - 0x00007ffefe167000 	C:\Windows\System32\sechost.dll
0x00007ffefe380000 - 0x00007ffefe4a0000 	C:\Windows\System32\RPCRT4.dll
0x00007ffefd930000 - 0x00007ffefdac4000 	C:\Windows\System32\USER32.dll
0x00007ffefc250000 - 0x00007ffefc271000 	C:\Windows\System32\win32u.dll
0x00007ffefd850000 - 0x00007ffefd876000 	C:\Windows\System32\GDI32.dll
0x00007ffefbc80000 - 0x00007ffefbe15000 	C:\Windows\System32\gdi32full.dll
0x00007ffefc4d0000 - 0x00007ffefc56e000 	C:\Windows\System32\msvcp_win.dll
0x00007ffefc150000 - 0x00007ffefc24a000 	C:\Windows\System32\ucrtbase.dll
0x00007ffef61f0000 - 0x00007ffef61fa000 	C:\Windows\SYSTEM32\VERSION.dll
0x00007ffee6400000 - 0x00007ffee6684000 	C:\Windows\WinSxS\amd64_microsoft.windows.common-controls_6595b64144ccf1df_6.0.18362.900_none_e6beb9d913147d17\COMCTL32.dll
0x00007ffefd360000 - 0x00007ffefd695000 	C:\Windows\System32\combase.dll
0x00007ffefc0d0000 - 0x00007ffefc150000 	C:\Windows\System32\bcryptPrimitives.dll
0x00007ffefd900000 - 0x00007ffefd92e000 	C:\Windows\System32\IMM32.DLL
0x00007ffee6820000 - 0x00007ffee6836000 	C:\Program Files\Java\jdk-11.0.1\bin\vcruntime140.dll
0x00007ffebb6a0000 - 0x00007ffebb74a000 	C:\Program Files\Java\jdk-11.0.1\bin\msvcp140.dll
0x00007ffe81980000 - 0x00007ffe824c2000 	C:\Program Files\Java\jdk-11.0.1\bin\server\jvm.dll
0x00007ffefec50000 - 0x00007ffefec58000 	C:\Windows\System32\PSAPI.DLL
0x00007ffef8260000 - 0x00007ffef8284000 	C:\Windows\SYSTEM32\WINMM.dll
0x00007ffef8210000 - 0x00007ffef823d000 	C:\Windows\SYSTEM32\winmmbase.dll
0x00007ffefc3d0000 - 0x00007ffefc41a000 	C:\Windows\System32\cfgmgr32.dll
0x00007ffef1c20000 - 0x00007ffef1c29000 	C:\Windows\SYSTEM32\WSOCK32.dll
0x00007ffefd890000 - 0x00007ffefd8ff000 	C:\Windows\System32\WS2_32.dll
0x00007ffefbc10000 - 0x00007ffefbc21000 	C:\Windows\System32\kernel.appcore.dll
0x00007ffedb280000 - 0x00007ffedb291000 	C:\Program Files\Java\jdk-11.0.1\bin\verify.dll
0x00007ffef8ba0000 - 0x00007ffef8d94000 	C:\Windows\SYSTEM32\DBGHELP.DLL
0x00007ffee6c10000 - 0x00007ffee6c3a000 	C:\Windows\SYSTEM32\dbgcore.DLL
0x00007ffec61a0000 - 0x00007ffec61c9000 	C:\Program Files\Java\jdk-11.0.1\bin\java.dll
0x00007ffebc8c0000 - 0x00007ffebc8f7000 	C:\Program Files\Java\jdk-11.0.1\bin\jdwp.dll
0x00007ffebcc80000 - 0x00007ffebccaf000 	C:\Program Files\Java\jdk-11.0.1\bin\instrument.dll
0x00007ffed6a50000 - 0x00007ffed6a66000 	C:\Program Files\Java\jdk-11.0.1\bin\zip.dll
0x00007ffef1f70000 - 0x00007ffef1f7a000 	C:\Program Files\Java\jdk-11.0.1\bin\jimage.dll
0x00007ffefe4a0000 - 0x00007ffefeb86000 	C:\Windows\System32\SHELL32.dll
0x00007ffefdaf0000 - 0x00007ffefdb99000 	C:\Windows\System32\shcore.dll
0x00007ffefc5d0000 - 0x00007ffefcd50000 	C:\Windows\System32\windows.storage.dll
0x00007ffefbb90000 - 0x00007ffefbbb3000 	C:\Windows\System32\profapi.dll
0x00007ffefbbc0000 - 0x00007ffefbc0a000 	C:\Windows\System32\powrprof.dll
0x00007ffefbb60000 - 0x00007ffefbb70000 	C:\Windows\System32\UMPDC.dll
0x00007ffefe1d0000 - 0x00007ffefe222000 	C:\Windows\System32\shlwapi.dll
0x00007ffefbc30000 - 0x00007ffefbc47000 	C:\Windows\System32\cryptsp.dll
0x00007ffef1ef0000 - 0x00007ffef1efa000 	C:\Program Files\Java\jdk-11.0.1\bin\dt_socket.dll
0x00007ffefb3d0000 - 0x00007ffefb437000 	C:\Windows\System32\mswsock.dll
0x00007ffefb130000 - 0x00007ffefb1fb000 	C:\Windows\SYSTEM32\DNSAPI.dll
0x00007ffefd880000 - 0x00007ffefd888000 	C:\Windows\System32\NSI.dll
0x00007ffefb0e0000 - 0x00007ffefb11a000 	C:\Windows\SYSTEM32\IPHLPAPI.DLL
0x00007ffef42b0000 - 0x00007ffef4327000 	C:\Windows\System32\fwpuclnt.dll
0x00007ffefbc50000 - 0x00007ffefbc76000 	C:\Windows\System32\bcrypt.dll
0x00007ffeed810000 - 0x00007ffeed81a000 	C:\Windows\System32\rasadhlp.dll
0x00007ffed57a0000 - 0x00007ffed57b9000 	C:\Program Files\Java\jdk-11.0.1\bin\net.dll
0x00007ffef2190000 - 0x00007ffef2280000 	C:\Windows\SYSTEM32\WINHTTP.dll
0x00007ffed1070000 - 0x00007ffed1083000 	C:\Program Files\Java\jdk-11.0.1\bin\nio.dll
0x00007ffea12c0000 - 0x00007ffea145f000 	C:\Program Files\Java\jdk-11.0.1\bin\awt.dll
0x00007ffefdba0000 - 0x00007ffefdc65000 	C:\Windows\System32\OLEAUT32.dll
0x00007ffef8da0000 - 0x00007ffef9360000 	C:\Windows\SYSTEM32\d2d1.dll
0x00007ffefa180000 - 0x00007ffefa20f000 	C:\Windows\SYSTEM32\apphelp.dll
0x00007ffefa230000 - 0x00007ffefa2c9000 	C:\Windows\system32\uxtheme.dll
0x00007ffefddd0000 - 0x00007ffefdf05000 	C:\Windows\System32\MSCTF.dll
0x00007ffefdf70000 - 0x00007ffefe0c7000 	C:\Windows\System32\ole32.dll
0x00007ffefa3f0000 - 0x00007ffefa41d000 	C:\Windows\system32\DWMAPI.DLL
0x00007ffebb620000 - 0x00007ffebb6a0000 	C:\Program Files\Java\jdk-11.0.1\bin\freetype.dll
0x00007ffebb330000 - 0x00007ffebb39f000 	C:\Program Files\Java\jdk-11.0.1\bin\fontmanager.dll
0x00007ffeca7e0000 - 0x00007ffeca936000 	C:\Windows\system32\opengl32.dll
0x00007ffed11e0000 - 0x00007ffed120c000 	C:\Windows\SYSTEM32\GLU32.dll
0x00007ffefa7d0000 - 0x00007ffefa7f0000 	C:\Windows\SYSTEM32\dxcore.dll
0x00007ffefe230000 - 0x00007ffefe2d2000 	C:\Windows\System32\clbcatq.dll
0x00007ffef7540000 - 0x00007ffef76ef000 	C:\Windows\SYSTEM32\WindowsCodecs.dll
0x00007ffed1100000 - 0x00007ffed113a000 	C:\Windows\system32\dataexchange.dll
0x00007ffef9a20000 - 0x00007ffef9bfc000 	C:\Windows\system32\dcomp.dll
0x00007ffef97c0000 - 0x00007ffef9a1b000 	C:\Windows\system32\d3d11.dll
0x00007ffefa860000 - 0x00007ffefa94b000 	C:\Windows\system32\dxgi.dll
0x00007ffef8380000 - 0x00007ffef85e1000 	C:\Windows\system32\twinapi.appcore.dll
0x00007ffefa300000 - 0x00007ffefa329000 	C:\Windows\system32\RMCLIENT.dll
0x00007ffeed2c0000 - 0x00007ffeed35e000 	C:\Windows\System32\TextInputFramework.dll
0x00007ffef7850000 - 0x00007ffef7b7a000 	C:\Windows\System32\CoreUIComponents.dll
0x00007ffef9c00000 - 0x00007ffef9cd4000 	C:\Windows\System32\CoreMessaging.dll
0x00007ffefabc0000 - 0x00007ffefabf1000 	C:\Windows\SYSTEM32\ntmarta.dll
0x00007ffef76f0000 - 0x00007ffef7843000 	C:\Windows\SYSTEM32\wintypes.dll
0x00007ffeeb920000 - 0x00007ffeebbc6000 	C:\Windows\System32\iertutil.dll

dbghelp: loaded successfully - version: 4.0.5 - missing functions: none
symbol engine: initialized successfully - sym options: 0x614 - pdb path: .;C:\Program Files\Java\jdk-11.0.1\bin;C:\Windows\SYSTEM32;C:\Windows\WinSxS\amd64_microsoft.windows.common-controls_6595b64144ccf1df_6.0.18362.900_none_e6beb9d913147d17;C:\Program Files\Java\jdk-11.0.1\bin\server

VM Arguments:
jvm_args: -agentlib:jdwp=transport=dt_socket,suspend=y,address=localhost:50199 -javaagent:C:\sts-4.6.2.RELEASE\configuration\org.eclipse.osgi\245\0\.cp\lib\javaagent-shaded.jar -Dfile.encoding=Cp1252 
java_command: pvictor.executavel.Main
java_class_path (initial): C:\Users\victor\git\JDEVtreinamentoss\primeiro-programa-java\bin
Launcher Type: SUN_STANDARD

[Global flags]
     intx CICompilerCount                          = 4                                         {product} {ergonomic}
     uint ConcGCThreads                            = 2                                         {product} {ergonomic}
     uint G1ConcRefinementThreads                  = 8                                         {product} {ergonomic}
   size_t G1HeapRegionSize                         = 1048576                                   {product} {ergonomic}
    uintx GCDrainStackTargetSize                   = 64                                        {product} {ergonomic}
   size_t InitialHeapSize                          = 132120576                                 {product} {ergonomic}
   size_t MarkStackSize                            = 4194304                                   {product} {ergonomic}
   size_t MaxHeapSize                              = 2113929216                                {product} {ergonomic}
   size_t MaxNewSize                               = 1267728384                                {product} {ergonomic}
   size_t MinHeapDeltaBytes                        = 1048576                                   {product} {ergonomic}
    uintx NonNMethodCodeHeapSize                   = 5835340                                {pd product} {ergonomic}
    uintx NonProfiledCodeHeapSize                  = 122911450                              {pd product} {ergonomic}
    uintx ProfiledCodeHeapSize                     = 122911450                              {pd product} {ergonomic}
    uintx ReservedCodeCacheSize                    = 251658240                              {pd product} {ergonomic}
     bool SegmentedCodeCache                       = true                                      {product} {ergonomic}
     bool UseCompressedClassPointers               = true                                 {lp64_product} {ergonomic}
     bool UseCompressedOops                        = true                                 {lp64_product} {ergonomic}
     bool UseG1GC                                  = true                                      {product} {ergonomic}
     bool UseLargePagesIndividualAllocation        = false                                  {pd product} {ergonomic}

Logging:
Log output configuration:
 #0: stdout all=warning uptime,level,tags
 #1: stderr all=off uptime,level,tags

Environment Variables:
JAVA_HOME=C:\Program Files\Java\jdk-14.0.1\bin
JRE_HOME=C:\Program Files\Java\jre1.8.0_251
PATH=C:/Program Files/Java/jre1.8.0_251/bin/server;C:/Program Files/Java/jre1.8.0_251/bin;C:/Program Files/Java/jre1.8.0_251/lib/amd64;C:\Program Files\Java\jdk-14.0.1;C:\ProgramData\Oracle\Java\javapath;C:\Program Files (x86)\Common Files\Oracle\Java\javapath;C:\Windows\system32;C:\Windows;C:\Windows\System32\Wbem;C:\Windows\System32\WindowsPowerShell\v1.0\;C:\Windows\System32\OpenSSH\;C:\Program Files (x86)\Intel\Intel(R) Management Engine Components\DAL;C:\Program Files\Intel\Intel(R) Management Engine Components\DAL;C:\Program Files\Git\cmd;C:\Program Files\Java\jdk-14.0.1\bin\bin;C:\Program Files\nodejs\;C:\Program Files\Java\jdk-14.0.1\bin;C:\Users\victor\AppData\Local\Microsoft\WindowsApps;C:\Program Files\JetBrains\IntelliJ IDEA 2020.1.2\bin;C:\Program Files\Java\jdk1.8.0_251;C:\Program Files\Java\jdk-14.0.1\bin\bin;C:\Program Files\Java\jdk-14.0.1;;C:\Program Files\Java\jdk1.8.0_251\bin;C:\Users\victor\AppData\Local\Programs\Microsoft VS Code\bin;C:\Users\victor\AppData\Roaming\npm;C:\Program Files\Java\jdk-14.0.1\bin;;C:\sts-4.6.2.RELEASE;
USERNAME=victor
OS=Windows_NT
PROCESSOR_IDENTIFIER=Intel64 Family 6 Model 142 Stepping 12, GenuineIntel



---------------  S Y S T E M  ---------------

OS: Windows 10 , 64 bit Build 18362 (10.0.18362.900)

CPU:total 8 (initial active 8) (4 cores per cpu, 2 threads per core) family 6 model 142 stepping 12, cmov, cx8, fxsr, mmx, sse, sse2, sse3, ssse3, sse4.1, sse4.2, popcnt, avx, avx2, aes, clmul, erms, 3dnowpref, lzcnt, ht, tsc, tscinvbit, bmi1, bmi2, adx, fma

Memory: 4k page, system-wide physical 8062M (1346M free)
TotalPageFile size 17278M (AvailPageFile size 5914M)
current process WorkingSet (physical memory assigned to process): 90M, peak: 96M
current process commit charge ("private bytes"): 228M, peak: 237M

vm_info: Java HotSpot(TM) 64-Bit Server VM (11.0.1+13-LTS) for windows-amd64 JRE (11.0.1+13-LTS), built on Oct  6 2018 13:20:16 by "mach5one" with MS VC++ 15.5 (VS2017)

END.
